<?xml version="1.0" encoding="UTF-8"?>
<!-- Generated by org.testng.reporters.JUnitReportReporter -->
<testsuite skipped="0" hostname="PANDU" name="org.clothingrfid.smoke.TestSmokeLogin" tests="2" failures="0" timestamp="21 Jul 2017 05:01:48 GMT" time="23.275" errors="0">
  <testcase name="testSmokeInvalidLoginTC002" time="8.524" classname="org.clothingrfid.smoke.TestSmokeLogin"/>
  <testcase name="testSmokeLoginTC001" time="14.751" classname="org.clothingrfid.smoke.TestSmokeLogin"/>
</testsuite> <!-- org.clothingrfid.smoke.TestSmokeLogin -->
