<?xml version="1.0" encoding="UTF-8"?>
<!-- Generated by org.testng.reporters.JUnitReportReporter -->
<testsuite skipped="0" hostname="PANDU" name="org.clothingrfid.regression.TestLoginTESCOM1689" tests="2" failures="0" timestamp="21 Jul 2017 05:01:12 GMT" time="22.733" errors="0">
  <testcase name="testInvalidLoginTC002" time="8.761" classname="org.clothingrfid.regression.TestLoginTESCOM1689"/>
  <testcase name="testLoginTC001" time="13.972" classname="org.clothingrfid.regression.TestLoginTESCOM1689"/>
</testsuite> <!-- org.clothingrfid.regression.TestLoginTESCOM1689 -->
